
> alist@0.0.0 start /home/bigdata/public_html/alisthub
> node ./bin/www

connected as id 127103

> alist@0.0.0 start /home/bigdata/public_html/alisthub
> node ./bin/www

connected as id 207415
[0mGET / [32m200 [0m8.070 ms - 4809[0m
[0mGET /stylesheets/style.css [32m200 [0m1.695 ms - 15738[0m
[0mGET /stylesheets/media.css [32m200 [0m1.049 ms - 1949[0m
[0mGET /stylesheets/login.css [32m200 [0m0.706 ms - 2364[0m
[0mGET /javascripts/ngStorage.min.js [32m200 [0m0.732 ms - 2276[0m
[0mGET /javascripts/angular-min.js [36m304 [0m0.840 ms - -[0m
[0mGET /javascripts/angular-ui-router.js [36m304 [0m0.625 ms - -[0m
[0mGET /javascripts/ui-bootstrap-tpls-0.12.0.min.js [36m304 [0m0.362 ms - -[0m
[0mGET /assets/images/favicon.png [33m404 [0m9937.683 ms - 1184[0m
[0mGET /stylesheets/animate.css [36m304 [0m0.541 ms - -[0m
[0mGET /javascripts/app.js [32m200 [0m1.856 ms - 1881[0m
[0mGET /images/logo.png [32m200 [0m0.748 ms - 16692[0m
[0mGET /images/user.jpg [32m200 [0m0.444 ms - 3002[0m
[0mGET /javascripts/angular.min.js.map [33m404 [0m30.533 ms - 1184[0m
[0mGET /modules/authentication/views/login.html [32m200 [0m0.974 ms - 1367[0m
[0mGET /images/logo-l.png [32m200 [0m2.147 ms - 12431[0m
[0mGET /images/bg.jpg [36m304 [0m0.338 ms - -[0m
[0mGET / [32m200 [0m0.606 ms - 4809[0m
[0mGET /stylesheets/login.css [32m200 [0m0.950 ms - 2364[0m
[0mGET /stylesheets/style.css [32m200 [0m0.383 ms - 15738[0m
[0mGET /stylesheets/media.css [32m200 [0m0.517 ms - 1949[0m
[0mGET /javascripts/app.js [32m200 [0m0.360 ms - 1881[0m
[0mGET /javascripts/angular-ui-router.js [32m200 [0m23.049 ms - 30445[0m
[0mGET /javascripts/ngStorage.min.js [32m200 [0m1.724 ms - 2276[0m
[0mGET /javascripts/ui-bootstrap-tpls-0.12.0.min.js [32m200 [0m17.877 ms - 67052[0m
[0mGET /javascripts/angular-min.js [32m200 [0m29.965 ms - 148496[0m
[0mGET /stylesheets/animate.css [32m200 [0m16.031 ms - 75601[0m
[0mGET /images/user.jpg [32m200 [0m1.115 ms - 3002[0m
[0mGET /images/logo.png [32m200 [0m0.356 ms - 16692[0m
[0mGET /assets/images/favicon.png [33m404 [0m16.879 ms - 1184[0m
[0mGET /modules/authentication/views/login.html [32m200 [0m0.581 ms - 1367[0m
[0mGET /favicon.ico [33m404 [0m10.989 ms - 1184[0m
[0mGET /images/logo-l.png [32m200 [0m0.667 ms - 12431[0m
[0mGET /favicon.ico [33m404 [0m13.500 ms - 1184[0m
[0mGET /images/bg.jpg [32m200 [0m23.228 ms - 159785[0m
[0mGET /modules/authentication/views/signup.html [32m200 [0m0.577 ms - 2021[0m
[0mGET / [32m200 [0m0.851 ms - 4809[0m
[0mGET /stylesheets/login.css [32m200 [0m1.122 ms - 2364[0m
[0mGET /stylesheets/style.css [32m200 [0m1.071 ms - 15738[0m
[0mGET /stylesheets/media.css [32m200 [0m0.600 ms - 1949[0m
[0mGET /javascripts/angular-ui-router.js [32m200 [0m1.415 ms - 30445[0m
[0mGET /javascripts/app.js [32m200 [0m0.351 ms - 1881[0m
[0mGET /javascripts/ngStorage.min.js [32m200 [0m2.215 ms - 2276[0m
[0mGET /javascripts/ui-bootstrap-tpls-0.12.0.min.js [32m200 [0m0.380 ms - 67052[0m
[0mGET /javascripts/angular-min.js [32m200 [0m1.333 ms - 148496[0m
[0mGET /modules/events/views/home.html [32m200 [0m1.440 ms - 626[0m
[0mGET / [32m200 [0m0.639 ms - 4809[0m
[0mGET /stylesheets/style.css [32m200 [0m0.565 ms - 15738[0m
[0mGET /stylesheets/media.css [32m200 [0m0.982 ms - 1949[0m
[0mGET /stylesheets/login.css [32m200 [0m0.533 ms - 2364[0m
[0mGET /javascripts/ngStorage.min.js [32m200 [0m1.280 ms - 2276[0m
[0mGET /javascripts/angular-min.js [36m304 [0m0.472 ms - -[0m
[0mGET /javascripts/angular-ui-router.js [36m304 [0m0.307 ms - -[0m
[0mGET /javascripts/ui-bootstrap-tpls-0.12.0.min.js [36m304 [0m0.332 ms - -[0m
[0mGET /javascripts/app.js [32m200 [0m0.697 ms - 1881[0m
[0mGET /assets/images/favicon.png [33m404 [0m11.525 ms - 1184[0m
[0mGET /stylesheets/animate.css [36m304 [0m0.314 ms - -[0m
[0mGET /assets/images/favicon.png [33m404 [0m12.045 ms - 1184[0m
[0mGET /images/logo.png [32m200 [0m12.332 ms - 16692[0m
[0mGET /images/user.jpg [32m200 [0m1.117 ms - 3002[0m
[0mGET /javascripts/angular.min.js.map [33m404 [0m12.750 ms - 1184[0m
[0mGET /modules/authentication/views/login.html [32m200 [0m2.051 ms - 1367[0m
[0mGET /images/logo-l.png [32m200 [0m1.925 ms - 12431[0m
[0mGET /images/bg.jpg [36m304 [0m0.705 ms - -[0m
[0mGET /modules/authentication/views/signup.html [32m200 [0m0.621 ms - 2021[0m
[0mGET /modules/events/views/home.html [32m200 [0m9373.973 ms - 626[0m
[0mGET / [32m200 [0m0.798 ms - 4809[0m
[0mGET /stylesheets/login.css [32m200 [0m0.548 ms - 2364[0m
[0mGET /stylesheets/style.css [32m200 [0m0.616 ms - 15738[0m
[0mGET /stylesheets/media.css [32m200 [0m0.411 ms - 1949[0m
[0mGET /javascripts/angular-ui-router.js [32m200 [0m0.417 ms - 30445[0m
[0mGET /javascripts/app.js [32m200 [0m0.417 ms - 1881[0m
[0mGET /javascripts/ngStorage.min.js [32m200 [0m0.359 ms - 2276[0m
[0mGET /javascripts/ui-bootstrap-tpls-0.12.0.min.js [32m200 [0m0.456 ms - 67052[0m
[0mGET /images/user.jpg [32m200 [0m0.617 ms - 3002[0m
[0mGET /stylesheets/animate.css [32m200 [0m0.434 ms - 75601[0m
[0mGET /javascripts/angular-min.js [32m200 [0m0.440 ms - 148496[0m
[0mGET /images/logo.png [32m200 [0m0.513 ms - 16692[0m
[0mGET /modules/authentication/views/login.html [32m200 [0m0.616 ms - 1367[0m
[0mGET /assets/images/favicon.png [33m404 [0m10.661 ms - 1184[0m
[0mGET /images/logo-l.png [32m200 [0m0.578 ms - 12431[0m
[0mGET /images/bg.jpg [32m200 [0m0.423 ms - 159785[0m
[0mGET /modules/authentication/views/signup.html [32m200 [0m0.635 ms - 2021[0m
[0mGET /modules/events/views/home.html [32m200 [0m0.899 ms - 626[0m
[0mGET /javascripts/angular.min.js.map [33m404 [0m10.396 ms - 1184[0m

Error: Connection lost: The server closed the connection.
    at Protocol.end (/home/bigdata/public_html/alisthub/node_modules/mysql/lib/protocol/Protocol.js:109:13)
    at Socket.<anonymous> (/home/bigdata/public_html/alisthub/node_modules/mysql/lib/Connection.js:102:28)
    at Socket.EventEmitter.emit (events.js:117:20)
    at _stream_readable.js:920:16
    at process._tickCallback (node.js:415:13)

npm ERR! alist@0.0.0 start: `node ./bin/www`
npm ERR! Exit status 8
npm ERR! 
npm ERR! Failed at the alist@0.0.0 start script.
npm ERR! This is most likely a problem with the alist package,
npm ERR! not with npm itself.
npm ERR! Tell the author that this fails on your system:
npm ERR!     node ./bin/www
npm ERR! You can get their info via:
npm ERR!     npm owner ls alist
npm ERR! There is likely additional logging output above.
npm ERR! System Linux 2.6.32-431.17.1.el6.x86_64
npm ERR! command "/home/bigdata/.nvm/v0.10.25/bin/node" "/home/bigdata/.nvm/v0.10.25/bin/npm" "start"
npm ERR! cwd /home/bigdata/public_html/alisthub
npm ERR! node -v v0.10.25
npm ERR! npm -v 1.3.24
npm ERR! code ELIFECYCLE
npm ERR! 
npm ERR! Additional logging details can be found in:
npm ERR!     /home/bigdata/public_html/alisthub/npm-debug.log
npm ERR! not ok code 0

> alist@0.0.0 start /home/bigdata/public_html/alisthub
> node ./bin/www

connected as id 311391
[0mGET / [32m200 [0m25.701 ms - 4809[0m
[0mGET /stylesheets/login.css [32m200 [0m1.750 ms - 2364[0m
[0mGET /stylesheets/media.css [32m200 [0m0.633 ms - 1949[0m
[0mGET /stylesheets/style.css [32m200 [0m31.107 ms - 15738[0m
[0mGET /javascripts/angular-ui-router.js [32m200 [0m195.589 ms - 30445[0m
[0mGET /javascripts/app.js [32m200 [0m0.528 ms - 1881[0m
[0mGET /assets/images/favicon.png [33m404 [0m816.362 ms - 1184[0m
[0mGET /javascripts/ui-bootstrap-tpls-0.12.0.min.js [32m200 [0m185.792 ms - 67052[0m
[0mGET /javascripts/ngStorage.min.js [32m200 [0m1.519 ms - 2276[0m
[0mGET /stylesheets/animate.css [32m200 [0m2.760 ms - 75601[0m
[0mGET /javascripts/angular-min.js [32m200 [0m206.795 ms - 148496[0m
[0mGET /images/user.jpg [32m200 [0m1.142 ms - 3002[0m
[0mGET /images/logo.png [32m200 [0m1.411 ms - 16692[0m
[0mGET /modules/authentication/views/login.html [32m200 [0m13.163 ms - 1367[0m
[0mGET /favicon.ico [33m404 [0m33.903 ms - 1184[0m
[0mGET /images/logo-l.png [32m200 [0m12.578 ms - 12431[0m
[0mGET /images/bg.jpg [32m200 [0m0.827 ms - 159785[0m
[0mGET / [32m200 [0m0.766 ms - 4809[0m
[0mGET /stylesheets/login.css [32m200 [0m0.518 ms - 2364[0m
[0mGET /stylesheets/style.css [32m200 [0m1.366 ms - 15738[0m
[0mGET /assets/images/favicon.png [33m404 [0m14.743 ms - 1184[0m
[0mGET /stylesheets/media.css [32m200 [0m0.436 ms - 1949[0m
[0mGET /stylesheets/animate.css [32m200 [0m1.708 ms - 75601[0m
[0mGET /images/user.jpg [32m200 [0m4.014 ms - 3002[0m
[0mGET /javascripts/ui-bootstrap-tpls-0.12.0.min.js [32m200 [0m3.337 ms - 67052[0m
[0mGET /javascripts/app.js [32m200 [0m2.138 ms - 1881[0m
[0mGET /javascripts/ngStorage.min.js [32m200 [0m0.679 ms - 2276[0m
[0mGET /javascripts/angular-ui-router.js [32m200 [0m0.941 ms - 30445[0m
[0mGET /images/logo.png [32m200 [0m0.499 ms - 16692[0m
[0mGET /javascripts/angular-min.js [32m200 [0m1.841 ms - 148496[0m
[0mGET /favicon.ico [33m404 [0m10.147 ms - 1184[0m
[0mGET /modules/authentication/views/login.html [32m200 [0m0.899 ms - 1367[0m
[0mGET /favicon.ico [33m404 [0m12.646 ms - 1184[0m
[0mGET /images/logo-l.png [32m200 [0m0.789 ms - 12431[0m
[0mGET /images/bg.jpg [32m200 [0m0.416 ms - 159785[0m
[0mGET /modules/events/views/home.html [32m200 [0m27.411 ms - 626[0m
[0mGET / [36m304 [0m1.717 ms - -[0m
[0mGET /stylesheets/login.css [36m304 [0m0.756 ms - -[0m
[0mGET /stylesheets/style.css [36m304 [0m0.698 ms - -[0m
[0mGET /images/user.jpg [36m304 [0m0.596 ms - -[0m
[0mGET /javascripts/angular-ui-router.js [36m304 [0m0.303 ms - -[0m
[0mGET /stylesheets/media.css [36m304 [0m0.328 ms - -[0m
[0mGET /javascripts/angular-min.js [36m304 [0m0.553 ms - -[0m
[0mGET /javascripts/ui-bootstrap-tpls-0.12.0.min.js [36m304 [0m0.472 ms - -[0m
[0mGET /javascripts/app.js [36m304 [0m1.216 ms - -[0m
[0mGET /javascripts/ngStorage.min.js [36m304 [0m0.387 ms - -[0m
[0mGET /stylesheets/animate.css [36m304 [0m0.244 ms - -[0m
[0mGET /images/logo.png [36m304 [0m0.249 ms - -[0m
[0mGET /modules/authentication/views/login.html [36m304 [0m0.761 ms - -[0m
[0mGET /assets/images/favicon.png [33m404 [0m11.782 ms - 1184[0m
[0mGET /images/bg.jpg [36m304 [0m0.363 ms - -[0m
[0mGET /images/logo-l.png [36m304 [0m0.680 ms - -[0m
[0mGET / [32m200 [0m0.953 ms - 4809[0m
[0mGET /stylesheets/login.css [32m200 [0m0.469 ms - 2364[0m
[0mGET /stylesheets/style.css [32m200 [0m0.379 ms - 15738[0m
[0mGET /stylesheets/media.css [32m200 [0m0.683 ms - 1949[0m
[0mGET /javascripts/angular-ui-router.js [32m200 [0m0.436 ms - 30445[0m
[0mGET /javascripts/app.js [32m200 [0m0.552 ms - 1881[0m
[0mGET /javascripts/ngStorage.min.js [32m200 [0m0.568 ms - 2276[0m
[0mGET /stylesheets/animate.css [32m200 [0m0.703 ms - 75601[0m
[0mGET /javascripts/ui-bootstrap-tpls-0.12.0.min.js [32m200 [0m0.938 ms - 67052[0m
[0mGET /javascripts/angular-min.js [32m200 [0m11.424 ms - 148496[0m
[0mGET /images/logo.png [32m200 [0m1.128 ms - 16692[0m
[0mGET /images/user.jpg [32m200 [0m1.150 ms - 3002[0m
[0mGET /modules/authentication/views/login.html [32m200 [0m0.349 ms - 1367[0m
[0mGET /modules/events/views/home.html [32m200 [0m133.248 ms - 626[0m
[0mGET / [36m304 [0m17.923 ms - -[0m
[0mGET /stylesheets/style.css [36m304 [0m0.497 ms - -[0m
[0mGET /stylesheets/login.css [36m304 [0m0.286 ms - -[0m
[0mGET /stylesheets/media.css [36m304 [0m0.708 ms - -[0m
[0mGET /javascripts/ui-bootstrap-tpls-0.12.0.min.js [36m304 [0m0.577 ms - -[0m
[0mGET /javascripts/angular-ui-router.js [36m304 [0m0.288 ms - -[0m
[0mGET /javascripts/angular-min.js [36m304 [0m0.269 ms - -[0m
[0mGET /javascripts/app.js [36m304 [0m0.272 ms - -[0m
[0mGET /javascripts/ngStorage.min.js [36m304 [0m1.203 ms - -[0m
[0mGET /stylesheets/animate.css [36m304 [0m0.402 ms - -[0m
[0mGET /images/user.jpg [36m304 [0m0.473 ms - -[0m
[0mGET /images/logo.png [36m304 [0m0.288 ms - -[0m
[0mGET /modules/events/views/home.html [36m304 [0m0.737 ms - -[0m
[0mGET /modules/authentication/views/login.html [36m304 [0m48.953 ms - -[0m
[0mGET /images/logo-l.png [36m304 [0m24.509 ms - -[0m
[0mGET /images/bg.jpg [36m304 [0m21.765 ms - -[0m
[0mGET /javascripts/angular.min.js.map [33m404 [0m45.040 ms - 1184[0m
[0mGET / [36m304 [0m0.542 ms - -[0m
[0mGET /stylesheets/login.css [36m304 [0m0.376 ms - -[0m
[0mGET /stylesheets/style.css [36m304 [0m0.526 ms - -[0m
[0mGET /javascripts/angular-ui-router.js [36m304 [0m0.626 ms - -[0m
[0mGET /javascripts/angular-min.js [36m304 [0m0.508 ms - -[0m
[0mGET /stylesheets/media.css [36m304 [0m0.565 ms - -[0m
[0mGET /javascripts/ngStorage.min.js [36m304 [0m0.472 ms - -[0m
[0mGET /javascripts/ui-bootstrap-tpls-0.12.0.min.js [36m304 [0m0.427 ms - -[0m
[0mGET /javascripts/app.js [36m304 [0m0.292 ms - -[0m
[0mGET /images/logo.png [36m304 [0m0.370 ms - -[0m
[0mGET /images/user.jpg [36m304 [0m0.711 ms - -[0m
[0mGET /stylesheets/animate.css [36m304 [0m0.448 ms - -[0m
[0mGET /javascripts/angular.min.js.map [33m404 [0m13.561 ms - 1184[0m
[0mGET /modules/authentication/views/login.html [36m304 [0m0.398 ms - -[0m
[0mGET /images/logo-l.png [36m304 [0m1.342 ms - -[0m
[0mGET /images/bg.jpg [36m304 [0m0.285 ms - -[0m
[0mGET / [32m200 [0m26.444 ms - 4809[0m
[0mGET / [32m200 [0m0.833 ms - 4809[0m
[0mGET / [32m200 [0m0.765 ms - 4809[0m
[0mGET / [32m200 [0m0.711 ms - 4809[0m
[0mGET / [32m200 [0m1.189 ms - 4809[0m
[0mGET / [32m200 [0m0.672 ms - 4809[0m
[0mGET / [32m200 [0m0.391 ms - 4809[0m
[0mGET /stylesheets/style.css [32m200 [0m12.104 ms - 15738[0m
[0mGET /stylesheets/login.css [32m200 [0m16.069 ms - 2364[0m
[0mGET /stylesheets/media.css [32m200 [0m5.757 ms - 1949[0m
[0mGET /javascripts/app.js [32m200 [0m34.688 ms - 1881[0m
[0mGET /javascripts/ngStorage.min.js [32m200 [0m28.651 ms - 2276[0m
[0mGET /javascripts/angular-ui-router.js [32m200 [0m48.263 ms - 30445[0m
[0mGET /javascripts/ui-bootstrap-tpls-0.12.0.min.js [32m200 [0m17.996 ms - 67052[0m
[0mGET /stylesheets/animate.css [32m200 [0m13.737 ms - 75601[0m
[0mGET /javascripts/angular-min.js [32m200 [0m14.470 ms - 148496[0m
[0mGET /images/user.jpg [32m200 [0m1.363 ms - 3002[0m
[0mGET /images/logo.png [32m200 [0m2.958 ms - 16692[0m
[0mGET /javascripts/angular.min.js.map [33m404 [0m21.328 ms - 1184[0m
[0mGET /modules/authentication/views/login.html [32m200 [0m13.505 ms - 1367[0m
[0mGET /images/logo-l.png [32m200 [0m14.676 ms - 12431[0m
[0mGET /images/bg.jpg [32m200 [0m18.220 ms - 159785[0m
[0mGET / [36m304 [0m0.392 ms - -[0m
[0mGET /stylesheets/login.css [36m304 [0m0.344 ms - -[0m
[0mGET /stylesheets/style.css [36m304 [0m0.561 ms - -[0m
[0mGET /stylesheets/media.css [36m304 [0m0.457 ms - -[0m
[0mGET /javascripts/angular-min.js [36m304 [0m0.269 ms - -[0m
[0mGET /javascripts/angular-ui-router.js [36m304 [0m0.242 ms - -[0m
[0mGET /javascripts/ngStorage.min.js [36m304 [0m0.275 ms - -[0m
[0mGET /javascripts/ui-bootstrap-tpls-0.12.0.min.js [36m304 [0m0.252 ms - -[0m
[0mGET /javascripts/app.js [36m304 [0m0.593 ms - -[0m
[0mGET /stylesheets/animate.css [36m304 [0m0.878 ms - -[0m
[0mGET /images/logo.png [36m304 [0m5.220 ms - -[0m
[0mGET /images/user.jpg [36m304 [0m4.373 ms - -[0m
[0mGET /javascripts/angular.min.js.map [33m404 [0m7.937 ms - 1184[0m
[0mGET /modules/authentication/views/login.html [36m304 [0m0.357 ms - -[0m
[0mGET /images/logo-l.png [36m304 [0m0.315 ms - -[0m
[0mGET /images/bg.jpg [36m304 [0m0.262 ms - -[0m
[0mGET /modules/events/views/home.html [36m304 [0m0.359 ms - -[0m
[0mGET / [36m304 [0m0.348 ms - -[0m
[0mGET /stylesheets/login.css [36m304 [0m0.361 ms - -[0m
[0mGET /stylesheets/style.css [36m304 [0m0.407 ms - -[0m
[0mGET /stylesheets/media.css [36m304 [0m1.558 ms - -[0m
[0mGET /javascripts/angular-ui-router.js [36m304 [0m1.500 ms - -[0m
[0mGET /javascripts/angular-min.js [36m304 [0m0.712 ms - -[0m
[0mGET /javascripts/ngStorage.min.js [36m304 [0m1.354 ms - -[0m
[0mGET /javascripts/ui-bootstrap-tpls-0.12.0.min.js [36m304 [0m0.752 ms - -[0m
[0mGET /javascripts/app.js [36m304 [0m0.798 ms - -[0m
[0mGET /stylesheets/animate.css [36m304 [0m0.338 ms - -[0m
[0mGET /images/user.jpg [36m304 [0m0.345 ms - -[0m
[0mGET /images/logo.png [36m304 [0m0.362 ms - -[0m
[0mGET /javascripts/angular.min.js.map [33m404 [0m8.640 ms - 1184[0m
[0mGET /modules/authentication/views/login.html [36m304 [0m0.329 ms - -[0m
[0mGET /images/logo-l.png [36m304 [0m0.330 ms - -[0m
[0mGET /images/bg.jpg [36m304 [0m0.278 ms - -[0m
[0mGET /modules/events/views/home.html [36m304 [0m0.347 ms - -[0m
[0mGET / [32m200 [0m315.859 ms - 4809[0m
[0mGET /stylesheets/login.css [32m200 [0m4.456 ms - 2364[0m
[0mGET /assets/images/favicon.png [33m404 [0m189.305 ms - 1184[0m
[0mGET /stylesheets/style.css [32m200 [0m193.767 ms - 15738[0m
[0mGET /javascripts/ngStorage.min.js [32m200 [0m202.272 ms - 2276[0m
[0mGET /stylesheets/media.css [32m200 [0m204.942 ms - 1949[0m
[0mGET /javascripts/app.js [32m200 [0m203.691 ms - 1881[0m
[0mGET /javascripts/angular-ui-router.js [32m200 [0m205.084 ms - 30445[0m
[0mGET /javascripts/ui-bootstrap-tpls-0.12.0.min.js [32m200 [0m191.930 ms - 67052[0m
[0mGET /images/logo.png [32m200 [0m50.574 ms - 16692[0m
[0mGET /images/user.jpg [32m200 [0m48.489 ms - 3002[0m
[0mGET /stylesheets/animate.css [32m200 [0m11.970 ms - 75601[0m
[0mGET /javascripts/angular-min.js [32m200 [0m207.848 ms - 148496[0m
[0mGET /favicon.ico [33m404 [0m112.771 ms - 1184[0m
[0mGET /modules/authentication/views/login.html [32m200 [0m130.539 ms - 1367[0m
[0mGET /favicon.ico [33m404 [0m9.026 ms - 1184[0m
[0mGET /images/logo-l.png [32m200 [0m15.681 ms - 12431[0m
[0mGET /images/bg.jpg [32m200 [0m124.301 ms - 159785[0m
[0mGET /modules/authentication/views/signup.html [32m200 [0m32.558 ms - 2021[0m
[0mGET /modules/events/views/home.html [32m200 [0m90.539 ms - 626[0m
[0mGET / [32m200 [0m17.105 ms - 4809[0m

Error: Connection lost: The server closed the connection.
    at Protocol.end (/home/bigdata/public_html/alisthub/node_modules/mysql/lib/protocol/Protocol.js:109:13)
    at Socket.<anonymous> (/home/bigdata/public_html/alisthub/node_modules/mysql/lib/Connection.js:102:28)
    at Socket.EventEmitter.emit (events.js:117:20)
    at _stream_readable.js:920:16
    at process._tickCallback (node.js:415:13)

npm ERR! alist@0.0.0 start: `node ./bin/www`
npm ERR! Exit status 8
npm ERR! 
npm ERR! Failed at the alist@0.0.0 start script.
npm ERR! This is most likely a problem with the alist package,
npm ERR! not with npm itself.
npm ERR! Tell the author that this fails on your system:
npm ERR!     node ./bin/www
npm ERR! You can get their info via:
npm ERR!     npm owner ls alist
npm ERR! There is likely additional logging output above.
npm ERR! System Linux 2.6.32-431.17.1.el6.x86_64
npm ERR! command "/home/bigdata/.nvm/v0.10.25/bin/node" "/home/bigdata/.nvm/v0.10.25/bin/npm" "start"
npm ERR! cwd /home/bigdata/public_html/alisthub
npm ERR! node -v v0.10.25
npm ERR! npm -v 1.3.24
npm ERR! code ELIFECYCLE
npm ERR! 
npm ERR! Additional logging details can be found in:
npm ERR!     /home/bigdata/public_html/alisthub/npm-debug.log
npm ERR! not ok code 0

> alist@0.0.0 start /home/bigdata/public_html/alisthub
> node ./bin/www

connected as id 29611
[0mGET / [32m200 [0m2224.583 ms - 5146[0m
[0mGET /stylesheets/login.css [36m304 [0m1.412 ms - -[0m
[0mGET /stylesheets/style.css [32m200 [0m1.097 ms - 19591[0m
[0mGET /stylesheets/media.css [36m304 [0m0.468 ms - -[0m
[0mGET /javascripts/angular-ui-router.js [36m304 [0m0.541 ms - -[0m
[0mGET /javascripts/angular-min.js [36m304 [0m0.393 ms - -[0m
[0mGET /javascripts/ui-bootstrap-tpls-0.12.0.min.js [36m304 [0m0.328 ms - -[0m
[0mGET /javascripts/ngStorage.min.js [36m304 [0m0.422 ms - -[0m
[0mGET /javascripts/app.js [32m200 [0m0.487 ms - 2130[0m
[0mGET /images/logo.png [36m304 [0m0.376 ms - -[0m
[0mGET /images/user.jpg [36m304 [0m0.291 ms - -[0m
[0mGET /stylesheets/animate.css [36m304 [0m0.728 ms - -[0m
[0mGET /javascripts/angular.min.js.map [33m404 [0m4695.745 ms - 1184[0m
[0mGET /modules/authentication/views/login.html [36m304 [0m1.279 ms - -[0m
[0mGET /images/logo-l.png [36m304 [0m0.593 ms - -[0m
[0mGET /images/bg.jpg [36m304 [0m1.967 ms - -[0m
[0mGET /modules/events/views/dashboard.html [32m200 [0m0.964 ms - 17478[0m
[0mGET /modules/events/views/create_an_event.html [32m200 [0m0.817 ms - 11585[0m
[0mGET /images/calendar.jpg [32m200 [0m0.956 ms - 8783[0m
[0mGET /images/map.jpg [32m200 [0m1.122 ms - 34491[0m
[0mGET /images/editor.png [32m200 [0m1.623 ms - 16478[0m
[0mGET /images/logo-l.png [36m304 [0m0.500 ms - -[0m

Error: Connection lost: The server closed the connection.
    at Protocol.end (/home/bigdata/public_html/alisthub/node_modules/mysql/lib/protocol/Protocol.js:109:13)
    at Socket.<anonymous> (/home/bigdata/public_html/alisthub/node_modules/mysql/lib/Connection.js:102:28)
    at Socket.EventEmitter.emit (events.js:117:20)
    at _stream_readable.js:920:16
    at process._tickCallback (node.js:415:13)

npm ERR! alist@0.0.0 start: `node ./bin/www`
npm ERR! Exit status 8
npm ERR! 
npm ERR! Failed at the alist@0.0.0 start script.
npm ERR! This is most likely a problem with the alist package,
npm ERR! not with npm itself.
npm ERR! Tell the author that this fails on your system:
npm ERR!     node ./bin/www
npm ERR! You can get their info via:
npm ERR!     npm owner ls alist
npm ERR! There is likely additional logging output above.
npm ERR! System Linux 2.6.32-431.17.1.el6.x86_64
npm ERR! command "/home/bigdata/.nvm/v0.10.25/bin/node" "/home/bigdata/.nvm/v0.10.25/bin/npm" "start"
npm ERR! cwd /home/bigdata/public_html/alisthub
npm ERR! node -v v0.10.25
npm ERR! npm -v 1.3.24
npm ERR! code ELIFECYCLE
npm ERR! 
npm ERR! Additional logging details can be found in:
npm ERR!     /home/bigdata/public_html/alisthub/npm-debug.log
npm ERR! not ok code 0

> alist@0.0.0 start /home/bigdata/public_html/alisthub
> node ./bin/www


> alist@0.0.0 start /home/bigdata/public_html/alisthub
> node ./bin/www

Port 5500 is already in use

npm ERR! alist@0.0.0 start: `node ./bin/www`
npm ERR! Exit status 1
npm ERR! 
npm ERR! Failed at the alist@0.0.0 start script.
npm ERR! This is most likely a problem with the alist package,
npm ERR! not with npm itself.
npm ERR! Tell the author that this fails on your system:
npm ERR!     node ./bin/www
npm ERR! You can get their info via:
npm ERR!     npm owner ls alist
npm ERR! There is likely additional logging output above.
npm ERR! System Linux 2.6.32-431.17.1.el6.x86_64
npm ERR! command "/home/bigdata/.nvm/v0.10.25/bin/node" "/home/bigdata/.nvm/v0.10.25/bin/npm" "start"
npm ERR! cwd /home/bigdata/public_html/alisthub
npm ERR! node -v v0.10.25
npm ERR! npm -v 1.3.24
npm ERR! code ELIFECYCLE
npm ERR! 
npm ERR! Additional logging details can be found in:
npm ERR!     /home/bigdata/public_html/alisthub/npm-debug.log
npm ERR! not ok code 0
Port 5500 is already in use

npm ERR! alist@0.0.0 start: `node ./bin/www`
npm ERR! Exit status 1
npm ERR! 
npm ERR! Failed at the alist@0.0.0 start script.
npm ERR! This is most likely a problem with the alist package,
npm ERR! not with npm itself.
npm ERR! Tell the author that this fails on your system:
npm ERR!     node ./bin/www
npm ERR! You can get their info via:
npm ERR!     npm owner ls alist
npm ERR! There is likely additional logging output above.
npm ERR! System Linux 2.6.32-431.17.1.el6.x86_64
npm ERR! command "/home/bigdata/.nvm/v0.10.25/bin/node" "/home/bigdata/.nvm/v0.10.25/bin/npm" "start"
npm ERR! cwd /home/bigdata/public_html/alisthub
npm ERR! node -v v0.10.25
npm ERR! npm -v 1.3.24
npm ERR! code ELIFECYCLE
npm ERR! 
npm ERR! Additional logging details can be found in:
npm ERR!     /home/bigdata/public_html/alisthub/npm-debug.log
npm ERR! not ok code 0

> alist@0.0.0 start /home/bigdata/public_html/alisthub
> node ./bin/www

connected as id 112472
[0mGET / [36m304 [0m9417.534 ms - -[0m
[0mGET /stylesheets/login.css [36m304 [0m1.294 ms - -[0m
[0mGET /stylesheets/style.css [36m304 [0m0.578 ms - -[0m
[0mGET /stylesheets/media.css [36m304 [0m0.388 ms - -[0m
[0mGET /javascripts/angular-ui-router.js [36m304 [0m0.544 ms - -[0m
[0mGET /javascripts/angular-min.js [36m304 [0m0.369 ms - -[0m
[0mGET /javascripts/ui-bootstrap-tpls-0.12.0.min.js [36m304 [0m0.257 ms - -[0m
[0mGET /javascripts/app.js [36m304 [0m0.331 ms - -[0m
[0mGET /javascripts/ngStorage.min.js [36m304 [0m0.379 ms - -[0m
[0mGET /images/logo.png [36m304 [0m1.255 ms - -[0m
[0mGET /images/user.jpg [36m304 [0m0.542 ms - -[0m
[0mGET /stylesheets/animate.css [36m304 [0m0.353 ms - -[0m
[0mGET /javascripts/angular.min.js.map [33m404 [0m73899.058 ms - 1184[0m
[0mGET /modules/authentication/views/login.html [36m304 [0m0.989 ms - -[0m
[0mGET /images/logo-l.png [36m304 [0m0.653 ms - -[0m
[0mGET /images/bg.jpg [36m304 [0m2.138 ms - -[0m
[0mGET / [36m304 [0m0.819 ms - -[0m
[0mGET /stylesheets/login.css [36m304 [0m0.571 ms - -[0m
[0mGET /stylesheets/style.css [36m304 [0m1.725 ms - -[0m
[0mGET /stylesheets/media.css [36m304 [0m0.716 ms - -[0m
[0mGET /javascripts/angular-ui-router.js [36m304 [0m0.446 ms - -[0m
[0mGET /javascripts/angular-min.js [36m304 [0m3.705 ms - -[0m
[0mGET /javascripts/ui-bootstrap-tpls-0.12.0.min.js [36m304 [0m3.324 ms - -[0m
[0mGET /javascripts/ngStorage.min.js [36m304 [0m4.326 ms - -[0m
[0mGET /stylesheets/animate.css [36m304 [0m3.800 ms - -[0m
[0mGET /javascripts/app.js [32m200 [0m290.971 ms - 2671[0m
[0mGET /images/user.jpg [36m304 [0m1.774 ms - -[0m
[0mGET /images/logo.png [36m304 [0m0.475 ms - -[0m
[0mGET /javascripts/angular.min.js.map [33m404 [0m196.064 ms - 1184[0m
[0mGET /modules/authentication/views/login.html [32m200 [0m475.352 ms - 2084[0m
[0mGET /images/logo-l.png [36m304 [0m0.452 ms - -[0m
[0mGET /images/bg.jpg [36m304 [0m0.688 ms - -[0m
[0mGET /modules/authentication/views/signup.html [32m200 [0m266.497 ms - 3640[0m
[0mGET /modules/events/views/dashboard.html [32m200 [0m360.813 ms - 17478[0m
[0mGET / [36m304 [0m0.962 ms - -[0m
[0mGET /stylesheets/style.css [36m304 [0m1.591 ms - -[0m
[0mGET /stylesheets/login.css [36m304 [0m0.710 ms - -[0m
[0mGET /stylesheets/media.css [36m304 [0m0.373 ms - -[0m
[0mGET /javascripts/angular-min.js [36m304 [0m0.629 ms - -[0m
[0mGET /javascripts/angular-ui-router.js [36m304 [0m0.447 ms - -[0m
[0mGET /javascripts/ui-bootstrap-tpls-0.12.0.min.js [36m304 [0m0.277 ms - -[0m
[0mGET /javascripts/app.js [36m304 [0m0.473 ms - -[0m
[0mGET /javascripts/ngStorage.min.js [36m304 [0m0.523 ms - -[0m
[0mGET /stylesheets/animate.css [36m304 [0m0.489 ms - -[0m
[0mGET /images/logo.png [36m304 [0m0.814 ms - -[0m
[0mGET /images/user.jpg [36m304 [0m0.298 ms - -[0m
[0mGET /javascripts/angular.min.js.map [33m404 [0m52.176 ms - 1184[0m
[0mGET /modules/authentication/views/login.html [36m304 [0m0.454 ms - -[0m
[0mGET /images/logo-l.png [36m304 [0m0.406 ms - -[0m
[0mGET /images/bg.jpg [36m304 [0m0.419 ms - -[0m

> alist@0.0.0 start /home/bigdata/public_html/alisthub
> node ./bin/www

Port 5500 is already in use

npm ERR! alist@0.0.0 start: `node ./bin/www`
npm ERR! Exit status 1
npm ERR! 
npm ERR! Failed at the alist@0.0.0 start script.
npm ERR! This is most likely a problem with the alist package,
npm ERR! not with npm itself.
npm ERR! Tell the author that this fails on your system:
npm ERR!     node ./bin/www
npm ERR! You can get their info via:
npm ERR!     npm owner ls alist
npm ERR! There is likely additional logging output above.
npm ERR! System Linux 2.6.32-431.17.1.el6.x86_64
npm ERR! command "/home/bigdata/.nvm/v0.10.25/bin/node" "/home/bigdata/.nvm/v0.10.25/bin/npm" "start"
npm ERR! cwd /home/bigdata/public_html/alisthub
npm ERR! node -v v0.10.25
npm ERR! npm -v 1.3.24
npm ERR! code ELIFECYCLE
npm ERR! 
npm ERR! Additional logging details can be found in:
npm ERR!     /home/bigdata/public_html/alisthub/npm-debug.log
npm ERR! not ok code 0

Error: Connection lost: The server closed the connection.
    at Protocol.end (/home/bigdata/public_html/alisthub/node_modules/mysql/lib/protocol/Protocol.js:109:13)
    at Socket.<anonymous> (/home/bigdata/public_html/alisthub/node_modules/mysql/lib/Connection.js:102:28)
    at Socket.EventEmitter.emit (events.js:117:20)
    at _stream_readable.js:920:16
    at process._tickCallback (node.js:415:13)

npm ERR! alist@0.0.0 start: `node ./bin/www`
npm ERR! Exit status 8
npm ERR! 
npm ERR! Failed at the alist@0.0.0 start script.
npm ERR! This is most likely a problem with the alist package,
npm ERR! not with npm itself.
npm ERR! Tell the author that this fails on your system:
npm ERR!     node ./bin/www
npm ERR! You can get their info via:
npm ERR!     npm owner ls alist
npm ERR! There is likely additional logging output above.
npm ERR! System Linux 2.6.32-431.17.1.el6.x86_64
npm ERR! command "/home/bigdata/.nvm/v0.10.25/bin/node" "/home/bigdata/.nvm/v0.10.25/bin/npm" "start"
npm ERR! cwd /home/bigdata/public_html/alisthub
npm ERR! node -v v0.10.25
npm ERR! npm -v 1.3.24
npm ERR! code ELIFECYCLE
npm ERR! 
npm ERR! Additional logging details can be found in:
npm ERR!     /home/bigdata/public_html/alisthub/npm-debug.log
npm ERR! not ok code 0

> alist@0.0.0 start /home/bigdata/public_html/alisthub
> node ./bin/www

connected as id 6414
[0mGET / [36m304 [0m6.676 ms - -[0m
[0mGET /stylesheets/style.css [36m304 [0m1.172 ms - -[0m
[0mGET /stylesheets/login.css [36m304 [0m2.051 ms - -[0m
[0mGET /stylesheets/media.css [36m304 [0m0.623 ms - -[0m
[0mGET /javascripts/angular-min.js [36m304 [0m0.528 ms - -[0m
[0mGET /javascripts/angular-ui-router.js [36m304 [0m0.278 ms - -[0m
[0mGET /javascripts/ui-bootstrap-tpls-0.12.0.min.js [36m304 [0m1.048 ms - -[0m
[0mGET /javascripts/app.js [36m304 [0m0.906 ms - -[0m
[0mGET /javascripts/ngStorage.min.js [36m304 [0m0.289 ms - -[0m
[0mGET /stylesheets/animate.css [36m304 [0m0.700 ms - -[0m
[0mGET /images/logo.png [36m304 [0m9.045 ms - -[0m
[0mGET /images/user.jpg [36m304 [0m8.928 ms - -[0m
[0mGET /javascripts/angular.min.js.map [33m404 [0m1103.290 ms - 1184[0m
[0mGET /modules/authentication/views/login.html [36m304 [0m0.832 ms - -[0m
[0mGET /images/logo-l.png [36m304 [0m0.411 ms - -[0m
[0mGET /images/bg.jpg [36m304 [0m0.408 ms - -[0m
[0mGET / [36m304 [0m0.484 ms - -[0m
[0mGET /stylesheets/style.css [36m304 [0m0.431 ms - -[0m
[0mGET /stylesheets/login.css [36m304 [0m0.299 ms - -[0m
[0mGET /javascripts/ui-bootstrap-tpls-0.12.0.min.js [36m304 [0m0.377 ms - -[0m
[0mGET /stylesheets/media.css [36m304 [0m0.299 ms - -[0m
[0mGET /javascripts/angular-min.js [36m304 [0m0.496 ms - -[0m
[0mGET /javascripts/app.js [36m304 [0m1.056 ms - -[0m
[0mGET /javascripts/ngStorage.min.js [36m304 [0m0.770 ms - -[0m
[0mGET /javascripts/angular-ui-router.js [36m304 [0m0.286 ms - -[0m
[0mGET /stylesheets/animate.css [36m304 [0m0.859 ms - -[0m
[0mGET /images/user.jpg [36m304 [0m1.628 ms - -[0m
[0mGET /images/logo.png [36m304 [0m0.673 ms - -[0m
[0mGET /javascripts/angular.min.js.map [33m404 [0m34.283 ms - 1184[0m
[0mGET /modules/authentication/views/login.html [36m304 [0m1.062 ms - -[0m
[0mGET /images/logo-l.png [36m304 [0m0.813 ms - -[0m
[0mGET /images/bg.jpg [36m304 [0m0.302 ms - -[0m
[0mGET / [32m200 [0m14.703 ms - 5146[0m
[0mGET /stylesheets/login.css [32m200 [0m1.154 ms - 2744[0m
[0mGET /stylesheets/style.css [32m200 [0m29.606 ms - 19591[0m
[0mGET /stylesheets/media.css [32m200 [0m0.713 ms - 1949[0m
[0mGET /javascripts/angular-ui-router.js [32m200 [0m15.779 ms - 30445[0m
[0mGET /javascripts/ngStorage.min.js [32m200 [0m7.896 ms - 2276[0m
[0mGET /javascripts/app.js [32m200 [0m21.257 ms - 2671[0m
[0mGET /stylesheets/animate.css [32m200 [0m0.855 ms - 75601[0m
[0mGET /javascripts/ui-bootstrap-tpls-0.12.0.min.js [32m200 [0m22.062 ms - 67052[0m
[0mGET /javascripts/angular-min.js [32m200 [0m17.689 ms - 148496[0m
[0mGET /images/logo.png [32m200 [0m49.910 ms - 16692[0m
[0mGET /images/user.jpg [32m200 [0m43.462 ms - 3002[0m
[0mGET /javascripts/angular.min.js.map [33m404 [0m14.674 ms - 1184[0m
[0mGET /modules/authentication/views/login.html [32m200 [0m53.982 ms - 2084[0m
[0mGET /images/logo-l.png [32m200 [0m12.650 ms - 12431[0m
[0mGET /images/bg.jpg [32m200 [0m11.828 ms - 159785[0m
[0mGET / [36m304 [0m0.399 ms - -[0m
[0mGET /javascripts/angular-min.js [36m304 [0m0.409 ms - -[0m
[0mGET /javascripts/ui-bootstrap-tpls-0.12.0.min.js [36m304 [0m0.322 ms - -[0m
[0mGET /stylesheets/style.css [36m304 [0m0.930 ms - -[0m
[0mGET /javascripts/ngStorage.min.js [36m304 [0m0.539 ms - -[0m
[0mGET /stylesheets/media.css [36m304 [0m0.281 ms - -[0m
[0mGET /javascripts/app.js [36m304 [0m0.285 ms - -[0m
[0mGET /javascripts/angular-ui-router.js [36m304 [0m0.450 ms - -[0m
[0mGET /stylesheets/login.css [36m304 [0m1.059 ms - -[0m
[0mGET /stylesheets/animate.css [36m304 [0m0.422 ms - -[0m
[0mGET /images/logo.png [36m304 [0m0.379 ms - -[0m
[0mGET /images/user.jpg [36m304 [0m0.750 ms - -[0m
[0mGET /javascripts/angular.min.js.map [33m404 [0m10.489 ms - 1184[0m
[0mGET /modules/authentication/views/login.html [36m304 [0m0.424 ms - -[0m
[0mGET /images/logo-l.png [36m304 [0m0.419 ms - -[0m
[0mGET /images/bg.jpg [36m304 [0m0.693 ms - -[0m
[0mGET / [36m304 [0m0.612 ms - -[0m
[0mGET /javascripts/angular-min.js [36m304 [0m0.762 ms - -[0m
[0mGET /javascripts/ui-bootstrap-tpls-0.12.0.min.js [36m304 [0m0.358 ms - -[0m
[0mGET /stylesheets/style.css [36m304 [0m0.664 ms - -[0m
[0mGET /javascripts/ngStorage.min.js [36m304 [0m0.476 ms - -[0m
[0mGET /stylesheets/media.css [36m304 [0m0.828 ms - -[0m
[0mGET /javascripts/app.js [36m304 [0m0.755 ms - -[0m
[0mGET /javascripts/angular-ui-router.js [36m304 [0m0.294 ms - -[0m
[0mGET /stylesheets/login.css [32m200 [0m0.776 ms - 2758[0m
[0mGET /stylesheets/animate.css [36m304 [0m0.422 ms - -[0m
[0mGET /images/user.jpg [36m304 [0m1.344 ms - -[0m
[0mGET /images/logo.png [36m304 [0m0.475 ms - -[0m
[0mGET /javascripts/angular.min.js.map [33m404 [0m22.607 ms - 1184[0m
[0mGET /modules/authentication/views/login.html [36m304 [0m0.424 ms - -[0m
[0mGET /images/logo-l.png [36m304 [0m0.699 ms - -[0m
[0mGET /images/bg.jpg [36m304 [0m0.574 ms - -[0m
[0mGET /modules/authentication/views/signup.html [36m304 [0m13.138 ms - -[0m
[0mGET / [36m304 [0m0.614 ms - -[0m
[0mGET /javascripts/angular-min.js [36m304 [0m0.791 ms - -[0m
[0mGET /stylesheets/style.css [36m304 [0m1.407 ms - -[0m
[0mGET /javascripts/ui-bootstrap-tpls-0.12.0.min.js [36m304 [0m0.558 ms - -[0m
[0mGET /stylesheets/media.css [36m304 [0m0.773 ms - -[0m
[0mGET /javascripts/ngStorage.min.js [36m304 [0m0.502 ms - -[0m
[0mGET /stylesheets/login.css [32m200 [0m1.764 ms - 2768[0m
[0mGET /javascripts/angular-ui-router.js [36m304 [0m0.607 ms - -[0m
[0mGET /javascripts/app.js [36m304 [0m0.288 ms - -[0m
[0mGET /stylesheets/animate.css [36m304 [0m0.438 ms - -[0m
[0mGET /images/user.jpg [36m304 [0m0.410 ms - -[0m
[0mGET /images/logo.png [36m304 [0m0.820 ms - -[0m
[0mGET /javascripts/angular.min.js.map [33m404 [0m11.467 ms - 1184[0m
[0mGET /modules/authentication/views/signup.html [36m304 [0m0.513 ms - -[0m
[0mGET /images/logo-l.png [36m304 [0m1.124 ms - -[0m
[0mGET / [36m304 [0m0.438 ms - -[0m
[0mGET /javascripts/angular-min.js [36m304 [0m0.387 ms - -[0m
[0mGET /javascripts/ui-bootstrap-tpls-0.12.0.min.js [36m304 [0m0.485 ms - -[0m
[0mGET /stylesheets/style.css [36m304 [0m0.645 ms - -[0m
[0mGET /javascripts/ngStorage.min.js [36m304 [0m1.434 ms - -[0m
[0mGET /stylesheets/media.css [36m304 [0m0.307 ms - -[0m
[0mGET /javascripts/app.js [36m304 [0m0.322 ms - -[0m
[0mGET /javascripts/angular-ui-router.js [36m304 [0m0.429 ms - -[0m
[0mGET /stylesheets/login.css [36m304 [0m0.795 ms - -[0m
[0mGET /stylesheets/animate.css [36m304 [0m0.383 ms - -[0m
[0mGET /images/logo.png [36m304 [0m0.422 ms - -[0m
[0mGET /images/user.jpg [36m304 [0m0.319 ms - -[0m
[0mGET /javascripts/angular.min.js.map [33m404 [0m12.617 ms - 1184[0m
[0mGET /modules/authentication/views/signup.html [36m304 [0m0.444 ms - -[0m
[0mGET /images/logo-l.png [36m304 [0m0.394 ms - -[0m
[0mGET / [36m304 [0m0.410 ms - -[0m
[0mGET /javascripts/angular-min.js [36m304 [0m0.408 ms - -[0m
[0mGET /javascripts/ui-bootstrap-tpls-0.12.0.min.js [36m304 [0m0.903 ms - -[0m
[0mGET /stylesheets/style.css [36m304 [0m0.464 ms - -[0m
[0mGET /javascripts/ngStorage.min.js [36m304 [0m0.306 ms - -[0m
[0mGET /javascripts/app.js [36m304 [0m0.818 ms - -[0m
[0mGET /stylesheets/media.css [36m304 [0m0.662 ms - -[0m
[0mGET /javascripts/angular-ui-router.js [36m304 [0m1.243 ms - -[0m
[0mGET /stylesheets/login.css [32m200 [0m1.233 ms - 2784[0m
[0mGET /stylesheets/animate.css [36m304 [0m0.389 ms - -[0m
[0mGET /images/user.jpg [36m304 [0m0.395 ms - -[0m
[0mGET /images/logo.png [36m304 [0m0.310 ms - -[0m
[0mGET /javascripts/angular.min.js.map [33m404 [0m12.421 ms - 1184[0m
[0mGET /modules/authentication/views/signup.html [36m304 [0m0.868 ms - -[0m
[0mGET /images/logo-l.png [36m304 [0m0.727 ms - -[0m
[0mGET / [36m304 [0m0.482 ms - -[0m
[0mGET /javascripts/angular-min.js [36m304 [0m0.406 ms - -[0m
[0mGET /javascripts/ui-bootstrap-tpls-0.12.0.min.js [36m304 [0m1.009 ms - -[0m
[0mGET /stylesheets/style.css [36m304 [0m0.367 ms - -[0m
[0mGET /javascripts/ngStorage.min.js [36m304 [0m0.570 ms - -[0m
[0mGET /stylesheets/media.css [36m304 [0m9.200 ms - -[0m
[0mGET /javascripts/app.js [36m304 [0m7.011 ms - -[0m
[0mGET /javascripts/angular-ui-router.js [36m304 [0m6.710 ms - -[0m
[0mGET /stylesheets/login.css [32m200 [0m7.107 ms - 2796[0m
[0mGET /stylesheets/animate.css [36m304 [0m0.404 ms - -[0m
[0mGET /images/user.jpg [36m304 [0m0.395 ms - -[0m
[0mGET /images/logo.png [36m304 [0m0.282 ms - -[0m
[0mGET /javascripts/angular.min.js.map [33m404 [0m9.797 ms - 1184[0m
[0mGET /modules/authentication/views/signup.html [36m304 [0m0.416 ms - -[0m
[0mGET /images/logo-l.png [36m304 [0m1.350 ms - -[0m
[0mGET / [36m304 [0m0.390 ms - -[0m
[0mGET /javascripts/angular-min.js [36m304 [0m0.380 ms - -[0m
[0mGET /javascripts/ui-bootstrap-tpls-0.12.0.min.js [36m304 [0m0.442 ms - -[0m
[0mGET /stylesheets/style.css [36m304 [0m0.283 ms - -[0m
[0mGET /javascripts/ngStorage.min.js [36m304 [0m0.271 ms - -[0m
[0mGET /stylesheets/media.css [36m304 [0m0.570 ms - -[0m
[0mGET /javascripts/app.js [36m304 [0m0.461 ms - -[0m
[0mGET /javascripts/angular-ui-router.js [36m304 [0m0.514 ms - -[0m
[0mGET /stylesheets/login.css [36m304 [0m0.434 ms - -[0m
[0mGET /stylesheets/animate.css [36m304 [0m0.358 ms - -[0m
[0mGET /images/logo.png [36m304 [0m0.393 ms - -[0m
[0mGET /images/user.jpg [36m304 [0m0.283 ms - -[0m
[0mGET /javascripts/angular.min.js.map [33m404 [0m6.896 ms - 1184[0m
[0mGET /modules/authentication/views/signup.html [36m304 [0m0.555 ms - -[0m
[0mGET /images/logo-l.png [36m304 [0m0.596 ms - -[0m
[0mGET / [36m304 [0m0.856 ms - -[0m
[0mGET /javascripts/angular-min.js [36m304 [0m0.401 ms - -[0m
[0mGET /javascripts/ui-bootstrap-tpls-0.12.0.min.js [36m304 [0m0.307 ms - -[0m
[0mGET /javascripts/ngStorage.min.js [36m304 [0m0.314 ms - -[0m
[0mGET /stylesheets/style.css [36m304 [0m1.203 ms - -[0m
[0mGET /javascripts/app.js [36m304 [0m0.300 ms - -[0m
[0mGET /stylesheets/media.css [36m304 [0m0.265 ms - -[0m
[0mGET /javascripts/angular-ui-router.js [36m304 [0m0.278 ms - -[0m
[0mGET /stylesheets/login.css [36m304 [0m0.281 ms - -[0m
[0mGET /stylesheets/animate.css [36m304 [0m0.376 ms - -[0m
[0mGET /images/logo.png [36m304 [0m0.374 ms - -[0m
[0mGET /images/user.jpg [36m304 [0m0.274 ms - -[0m
[0mGET /javascripts/angular.min.js.map [33m404 [0m8.207 ms - 1184[0m
[0mGET /modules/authentication/views/signup.html [36m304 [0m0.378 ms - -[0m
[0mGET /images/logo-l.png [36m304 [0m0.403 ms - -[0m
[0mGET /modules/authentication/views/login.html [36m304 [0m0.379 ms - -[0m
[0mGET /images/bg.jpg [36m304 [0m0.380 ms - -[0m
[0mGET / [36m304 [0m0.382 ms - -[0m
[0mGET /javascripts/ui-bootstrap-tpls-0.12.0.min.js [36m304 [0m1.059 ms - -[0m
[0mGET /javascripts/angular-ui-router.js [36m304 [0m0.915 ms - -[0m
[0mGET /stylesheets/media.css [36m304 [0m0.787 ms - -[0m
[0mGET /javascripts/angular-min.js [36m304 [0m0.262 ms - -[0m
[0mGET /stylesheets/login.css [36m304 [0m0.669 ms - -[0m
[0mGET /javascripts/ngStorage.min.js [36m304 [0m0.525 ms - -[0m
[0mGET /stylesheets/style.css [36m304 [0m0.286 ms - -[0m
[0mGET /javascripts/app.js [36m304 [0m0.269 ms - -[0m
[0mGET /images/user.jpg [36m304 [0m2.531 ms - -[0m
[0mGET /stylesheets/animate.css [36m304 [0m0.292 ms - -[0m
[0mGET /images/logo.png [36m304 [0m0.287 ms - -[0m
[0mGET /javascripts/angular.min.js.map [33m404 [0m10.127 ms - 1184[0m
[0mGET /modules/authentication/views/signup.html [36m304 [0m0.573 ms - -[0m
[0mGET /images/logo-l.png [36m304 [0m0.372 ms - -[0m
[0mGET / [36m304 [0m0.378 ms - -[0m
[0mGET /stylesheets/login.css [36m304 [0m0.361 ms - -[0m
[0mGET /stylesheets/media.css [36m304 [0m0.305 ms - -[0m
[0mGET /stylesheets/style.css [36m304 [0m0.269 ms - -[0m
[0mGET /javascripts/ui-bootstrap-tpls-0.12.0.min.js [36m304 [0m0.277 ms - -[0m
[0mGET /javascripts/angular-min.js [36m304 [0m0.558 ms - -[0m
[0mGET /javascripts/ngStorage.min.js [36m304 [0m0.455 ms - -[0m
[0mGET /javascripts/app.js [36m304 [0m0.261 ms - -[0m
[0mGET /javascripts/angular-ui-router.js [36m304 [0m0.269 ms - -[0m
[0mGET /images/user.jpg [36m304 [0m0.377 ms - -[0m
[0mGET /images/logo.png [36m304 [0m0.286 ms - -[0m
[0mGET /stylesheets/animate.css [36m304 [0m0.281 ms - -[0m
[0mGET /javascripts/angular.min.js.map [33m404 [0m7.942 ms - 1184[0m
[0mGET /modules/authentication/views/signup.html [36m304 [0m0.369 ms - -[0m
[0mGET /images/logo-l.png [36m304 [0m0.389 ms - -[0m
[0mGET /modules/authentication/views/login.html [36m304 [0m0.388 ms - -[0m
[0mGET /images/bg.jpg [36m304 [0m0.382 ms - -[0m
[0mGET / [36m304 [0m0.541 ms - -[0m
[0mGET /stylesheets/style.css [36m304 [0m0.670 ms - -[0m
[0mGET /stylesheets/login.css [36m304 [0m0.550 ms - -[0m
[0mGET /javascripts/angular-min.js [36m304 [0m0.465 ms - -[0m
[0mGET /javascripts/app.js [36m304 [0m2.784 ms - -[0m
[0mGET /javascripts/ngStorage.min.js [36m304 [0m1.182 ms - -[0m
[0mGET /stylesheets/media.css [36m304 [0m0.936 ms - -[0m
[0mGET /javascripts/angular-ui-router.js [36m304 [0m0.410 ms - -[0m
[0mGET /javascripts/ui-bootstrap-tpls-0.12.0.min.js [36m304 [0m0.263 ms - -[0m
[0mGET /images/user.jpg [36m304 [0m0.285 ms - -[0m
[0mGET /images/logo.png [36m304 [0m0.396 ms - -[0m
[0mGET /stylesheets/animate.css [36m304 [0m0.408 ms - -[0m
[0mGET /javascripts/angular.min.js.map [33m404 [0m10.645 ms - 1184[0m
[0mGET /modules/authentication/views/signup.html [36m304 [0m0.373 ms - -[0m
[0mGET /images/logo-l.png [36m304 [0m0.362 ms - -[0m
[0mGET /modules/authentication/views/login.html [36m304 [0m0.365 ms - -[0m
[0mGET /images/bg.jpg [36m304 [0m0.375 ms - -[0m
[0mGET / [36m304 [0m0.368 ms - -[0m
[0mGET /stylesheets/login.css [36m304 [0m0.823 ms - -[0m
[0mGET /stylesheets/style.css [36m304 [0m0.720 ms - -[0m
[0mGET /javascripts/angular-min.js [36m304 [0m0.412 ms - -[0m
[0mGET /javascripts/app.js [36m304 [0m0.277 ms - -[0m
[0mGET /stylesheets/media.css [36m304 [0m0.597 ms - -[0m
[0mGET /javascripts/ngStorage.min.js [36m304 [0m0.546 ms - -[0m
[0mGET /javascripts/angular-ui-router.js [36m304 [0m0.287 ms - -[0m
[0mGET /javascripts/ui-bootstrap-tpls-0.12.0.min.js [36m304 [0m0.272 ms - -[0m
[0mGET /images/user.jpg [36m304 [0m0.286 ms - -[0m
[0mGET /images/logo.png [36m304 [0m0.263 ms - -[0m
[0mGET /stylesheets/animate.css [36m304 [0m0.261 ms - -[0m
[0mGET /javascripts/angular.min.js.map [33m404 [0m6.039 ms - 1184[0m
[0mGET /modules/authentication/views/login.html [36m304 [0m0.377 ms - -[0m
[0mGET /images/logo-l.png [36m304 [0m0.386 ms - -[0m
[0mGET /images/bg.jpg [36m304 [0m0.373 ms - -[0m
[0mGET / [36m304 [0m0.378 ms - -[0m
[0mGET /stylesheets/style.css [36m304 [0m0.671 ms - -[0m
[0mGET /stylesheets/login.css [36m304 [0m0.593 ms - -[0m
[0mGET /stylesheets/media.css [36m304 [0m0.296 ms - -[0m
[0mGET /javascripts/angular-min.js [36m304 [0m0.281 ms - -[0m
[0mGET /javascripts/app.js [36m304 [0m0.584 ms - -[0m
[0mGET /javascripts/ui-bootstrap-tpls-0.12.0.min.js [36m304 [0m0.469 ms - -[0m
[0mGET /javascripts/angular-ui-router.js [36m304 [0m0.933 ms - -[0m
[0mGET /javascripts/ngStorage.min.js [36m304 [0m0.715 ms - -[0m
[0mGET /images/user.jpg [36m304 [0m0.392 ms - -[0m
[0mGET /images/logo.png [36m304 [0m0.440 ms - -[0m
[0mGET /stylesheets/animate.css [36m304 [0m0.452 ms - -[0m
[0mGET /javascripts/angular.min.js.map [33m404 [0m7.244 ms - 1184[0m
[0mGET /modules/authentication/views/login.html [36m304 [0m0.373 ms - -[0m
[0mGET /images/logo-l.png [36m304 [0m0.379 ms - -[0m
[0mGET /images/bg.jpg [36m304 [0m0.364 ms - -[0m
[0mGET / [36m304 [0m0.407 ms - -[0m
[0mGET /stylesheets/style.css [36m304 [0m0.671 ms - -[0m
[0mGET /stylesheets/login.css [36m304 [0m0.564 ms - -[0m
[0mGET /javascripts/angular-min.js [36m304 [0m0.267 ms - -[0m
[0mGET /javascripts/app.js [36m304 [0m0.558 ms - -[0m
[0mGET /javascripts/ngStorage.min.js [36m304 [0m0.453 ms - -[0m
[0mGET /javascripts/angular-ui-router.js [36m304 [0m0.262 ms - -[0m
[0mGET /stylesheets/media.css [36m304 [0m0.272 ms - -[0m
[0mGET /javascripts/ui-bootstrap-tpls-0.12.0.min.js [36m304 [0m0.498 ms - -[0m
[0mGET /images/user.jpg [36m304 [0m0.350 ms - -[0m
[0mGET /images/logo.png [36m304 [0m0.481 ms - -[0m
[0mGET /stylesheets/animate.css [36m304 [0m0.308 ms - -[0m
[0mGET /javascripts/angular.min.js.map [33m404 [0m10.824 ms - 1184[0m
[0mGET /modules/authentication/views/login.html [36m304 [0m0.364 ms - -[0m
[0mGET /images/logo-l.png [36m304 [0m0.386 ms - -[0m
[0mGET /images/bg.jpg [36m304 [0m0.364 ms - -[0m
[0mGET / [36m304 [0m0.373 ms - -[0m
[0mGET /stylesheets/login.css [36m304 [0m0.711 ms - -[0m
[0mGET /stylesheets/media.css [36m304 [0m0.557 ms - -[0m
[0mGET /stylesheets/style.css [36m304 [0m0.438 ms - -[0m
[0mGET /javascripts/ui-bootstrap-tpls-0.12.0.min.js [36m304 [0m0.908 ms - -[0m
[0mGET /javascripts/app.js [36m304 [0m0.695 ms - -[0m
[0mGET /javascripts/angular-min.js [36m304 [0m0.276 ms - -[0m
[0mGET /javascripts/ngStorage.min.js [36m304 [0m0.262 ms - -[0m
[0mGET /javascripts/angular-ui-router.js [36m304 [0m0.310 ms - -[0m
[0mGET /images/user.jpg [36m304 [0m0.382 ms - -[0m
[0mGET /images/logo.png [36m304 [0m0.298 ms - -[0m
[0mGET /stylesheets/animate.css [36m304 [0m0.283 ms - -[0m
[0mGET /javascripts/angular.min.js.map [33m404 [0m6.735 ms - 1184[0m
[0mGET /modules/authentication/views/login.html [36m304 [0m0.410 ms - -[0m
[0mGET /images/logo-l.png [36m304 [0m0.403 ms - -[0m
[0mGET /images/bg.jpg [36m304 [0m0.384 ms - -[0m
[0mGET / [36m304 [0m0.393 ms - -[0m
[0mGET /stylesheets/login.css [36m304 [0m0.390 ms - -[0m
[0mGET /stylesheets/style.css [36m304 [0m0.276 ms - -[0m
[0mGET /javascripts/ngStorage.min.js [36m304 [0m0.280 ms - -[0m
[0mGET /javascripts/ui-bootstrap-tpls-0.12.0.min.js [36m304 [0m0.293 ms - -[0m
[0mGET /javascripts/app.js [36m304 [0m0.285 ms - -[0m
[0mGET /stylesheets/media.css [36m304 [0m0.259 ms - -[0m
[0mGET /javascripts/angular-min.js [36m304 [0m0.268 ms - -[0m
[0mGET /javascripts/angular-ui-router.js [36m304 [0m0.271 ms - -[0m
[0mGET /images/user.jpg [36m304 [0m0.389 ms - -[0m
[0mGET /images/logo.png [36m304 [0m0.276 ms - -[0m
[0mGET /stylesheets/animate.css [36m304 [0m0.262 ms - -[0m
[0mGET /javascripts/angular.min.js.map [33m404 [0m6.169 ms - 1184[0m
[0mGET /modules/authentication/views/login.html [36m304 [0m0.371 ms - -[0m
[0mGET /images/logo-l.png [36m304 [0m0.392 ms - -[0m
[0mGET /images/bg.jpg [36m304 [0m0.343 ms - -[0m
[0mGET / [32m200 [0m14.277 ms - 5146[0m
[0mGET /stylesheets/login.css [32m200 [0m1.921 ms - 2796[0m
[0mGET /stylesheets/media.css [32m200 [0m0.919 ms - 1949[0m
[0mGET /stylesheets/style.css [32m200 [0m6.703 ms - 19591[0m
[0mGET /javascripts/angular-ui-router.js [32m200 [0m8.793 ms - 30445[0m
[0mGET /images/user.jpg [32m200 [0m6.473 ms - 3002[0m
[0mGET /javascripts/ngStorage.min.js [32m200 [0m16.127 ms - 2276[0m
[0mGET /javascripts/app.js [32m200 [0m19.965 ms - 2671[0m
[0mGET /images/logo.png [32m200 [0m0.734 ms - 16692[0m
[0mGET /stylesheets/animate.css [32m200 [0m0.624 ms - 75601[0m
[0mGET /javascripts/ui-bootstrap-tpls-0.12.0.min.js [32m200 [0m12.295 ms - 67052[0m
[0mGET /javascripts/angular-min.js [32m200 [0m3.099 ms - 148496[0m
[0mGET /javascripts/angular.min.js.map [33m404 [0m10.232 ms - 1184[0m
[0mGET /modules/authentication/views/login.html [32m200 [0m0.675 ms - 2084[0m
[0mGET /images/logo-l.png [32m200 [0m0.605 ms - 12431[0m
[0mGET /images/bg.jpg [32m200 [0m10.533 ms - 159785[0m
[0mGET / [36m304 [0m0.366 ms - -[0m
[0mGET /stylesheets/style.css [36m304 [0m0.756 ms - -[0m
[0mGET /javascripts/ngStorage.min.js [36m304 [0m1.113 ms - -[0m
[0mGET /stylesheets/login.css [32m200 [0m4.641 ms - 2812[0m
[0mGET /javascripts/ui-bootstrap-tpls-0.12.0.min.js [36m304 [0m0.517 ms - -[0m
[0mGET /javascripts/angular-ui-router.js [36m304 [0m0.297 ms - -[0m
[0mGET /javascripts/angular-min.js [36m304 [0m0.286 ms - -[0m
[0mGET /stylesheets/media.css [36m304 [0m0.270 ms - -[0m
[0mGET /javascripts/app.js [36m304 [0m0.262 ms - -[0m
[0mGET /stylesheets/animate.css [36m304 [0m0.382 ms - -[0m
[0mGET /images/user.jpg [36m304 [0m0.360 ms - -[0m
[0mGET /images/logo.png [36m304 [0m0.453 ms - -[0m
[0mGET /javascripts/angular.min.js.map [33m404 [0m7.384 ms - 1184[0m
[0mGET /modules/authentication/views/login.html [36m304 [0m0.381 ms - -[0m
[0mGET /images/logo-l.png [36m304 [0m0.354 ms - -[0m
[0mGET /images/bg.jpg [36m304 [0m0.362 ms - -[0m
[0mGET / [36m304 [0m0.393 ms - -[0m
[0mGET /javascripts/app.js [36m304 [0m0.366 ms - -[0m
[0mGET /stylesheets/login.css [32m200 [0m0.466 ms - 2829[0m
[0mGET /stylesheets/style.css [36m304 [0m0.274 ms - -[0m
[0mGET /javascripts/angular-min.js [36m304 [0m0.296 ms - -[0m
[0mGET /stylesheets/media.css [36m304 [0m0.601 ms - -[0m
[0mGET /javascripts/ngStorage.min.js [36m304 [0m0.488 ms - -[0m
[0mGET /javascripts/angular-ui-router.js [36m304 [0m0.302 ms - -[0m
[0mGET /javascripts/ui-bootstrap-tpls-0.12.0.min.js [36m304 [0m0.273 ms - -[0m
[0mGET /stylesheets/animate.css [36m304 [0m0.355 ms - -[0m
[0mGET /images/logo.png [36m304 [0m0.303 ms - -[0m
[0mGET /images/user.jpg [36m304 [0m0.259 ms - -[0m
[0mGET /javascripts/angular.min.js.map [33m404 [0m6.716 ms - 1184[0m
[0mGET /modules/authentication/views/login.html [36m304 [0m0.623 ms - -[0m
[0mGET /images/logo-l.png [36m304 [0m0.369 ms - -[0m
[0mGET /images/bg.jpg [36m304 [0m0.365 ms - -[0m
[0mGET / [36m304 [0m0.380 ms - -[0m
[0mGET /stylesheets/login.css [36m304 [0m0.682 ms - -[0m
[0mGET /stylesheets/media.css [36m304 [0m0.543 ms - -[0m
[0mGET /stylesheets/style.css [36m304 [0m0.290 ms - -[0m
[0mGET /javascripts/angular-min.js [36m304 [0m0.273 ms - -[0m
[0mGET /javascripts/angular-ui-router.js [36m304 [0m0.288 ms - -[0m
[0mGET /javascripts/ui-bootstrap-tpls-0.12.0.min.js [36m304 [0m0.266 ms - -[0m
[0mGET /javascripts/app.js [36m304 [0m0.293 ms - -[0m
[0mGET /javascripts/ngStorage.min.js [36m304 [0m0.276 ms - -[0m
[0mGET /stylesheets/animate.css [36m304 [0m0.366 ms - -[0m
[0mGET /images/logo.png [36m304 [0m0.374 ms - -[0m
[0mGET /images/user.jpg [36m304 [0m0.262 ms - -[0m
[0mGET /javascripts/angular.min.js.map [33m404 [0m6.986 ms - 1184[0m
[0mGET /modules/authentication/views/login.html [36m304 [0m0.372 ms - -[0m
[0mGET /images/logo-l.png [36m304 [0m0.549 ms - -[0m
[0mGET /images/bg.jpg [36m304 [0m0.304 ms - -[0m
[0mGET / [36m304 [0m0.372 ms - -[0m
[0mGET /javascripts/angular-ui-router.js [36m304 [0m1.193 ms - -[0m
[0mGET /javascripts/ngStorage.min.js [36m304 [0m0.883 ms - -[0m
[0mGET /stylesheets/login.css [32m200 [0m0.930 ms - 3138[0m
[0mGET /javascripts/angular-min.js [36m304 [0m0.270 ms - -[0m
[0mGET /stylesheets/style.css [36m304 [0m0.291 ms - -[0m
[0mGET /stylesheets/media.css [36m304 [0m1.269 ms - -[0m
[0mGET /javascripts/app.js [36m304 [0m0.270 ms - -[0m
[0mGET /javascripts/ui-bootstrap-tpls-0.12.0.min.js [36m304 [0m0.297 ms - -[0m
[0mGET /stylesheets/animate.css [36m304 [0m0.336 ms - -[0m
[0mGET /images/user.jpg [36m304 [0m0.353 ms - -[0m
[0mGET /images/logo.png [36m304 [0m0.273 ms - -[0m
[0mGET /javascripts/angular.min.js.map [33m404 [0m6.552 ms - 1184[0m
[0mGET /modules/authentication/views/login.html [36m304 [0m0.367 ms - -[0m
[0mGET /images/logo-l.png [36m304 [0m0.370 ms - -[0m
[0mGET /images/bg.jpg [36m304 [0m0.359 ms - -[0m
[0mGET / [36m304 [0m0.368 ms - -[0m
[0mGET /stylesheets/media.css [36m304 [0m0.363 ms - -[0m
[0mGET /stylesheets/style.css [36m304 [0m0.304 ms - -[0m
[0mGET /javascripts/ngStorage.min.js [36m304 [0m0.272 ms - -[0m
[0mGET /javascripts/angular-min.js [36m304 [0m0.268 ms - -[0m
[0mGET /javascripts/angular-ui-router.js [36m304 [0m0.284 ms - -[0m
[0mGET /javascripts/ui-bootstrap-tpls-0.12.0.min.js [36m304 [0m0.267 ms - -[0m
[0mGET /javascripts/app.js [36m304 [0m0.260 ms - -[0m
[0mGET /stylesheets/login.css [32m200 [0m0.479 ms - 3139[0m
[0mGET /stylesheets/animate.css [36m304 [0m0.365 ms - -[0m
[0mGET /images/logo.png [36m304 [0m0.686 ms - -[0m
[0mGET /images/user.jpg [36m304 [0m7.091 ms - -[0m
[0mGET /javascripts/angular.min.js.map [33m404 [0m5.973 ms - 1184[0m
[0mGET /modules/authentication/views/login.html [36m304 [0m0.386 ms - -[0m
[0mGET /images/logo-l.png [36m304 [0m0.346 ms - -[0m
[0mGET /images/bg.jpg [36m304 [0m0.283 ms - -[0m
[0mGET / [36m304 [0m0.373 ms - -[0m
[0mGET /javascripts/angular-ui-router.js [36m304 [0m0.687 ms - -[0m
[0mGET /javascripts/angular-min.js [36m304 [0m0.550 ms - -[0m
[0mGET /stylesheets/media.css [36m304 [0m0.259 ms - -[0m
[0mGET /stylesheets/style.css [36m304 [0m0.285 ms - -[0m
[0mGET /javascripts/ui-bootstrap-tpls-0.12.0.min.js [36m304 [0m0.285 ms - -[0m
[0mGET /javascripts/app.js [36m304 [0m0.262 ms - -[0m
[0mGET /javascripts/ngStorage.min.js [36m304 [0m0.283 ms - -[0m
[0mGET /stylesheets/login.css [32m200 [0m0.423 ms - 3149[0m
[0mGET /stylesheets/animate.css [36m304 [0m0.357 ms - -[0m
[0mGET /images/logo.png [36m304 [0m0.357 ms - -[0m
[0mGET /images/user.jpg [36m304 [0m0.272 ms - -[0m
[0mGET /javascripts/angular.min.js.map [33m404 [0m7.791 ms - 1184[0m
[0mGET /modules/authentication/views/login.html [36m304 [0m0.530 ms - -[0m
[0mGET /images/logo-l.png [36m304 [0m0.376 ms - -[0m
[0mGET /images/bg.jpg [36m304 [0m0.368 ms - -[0m
[0mGET / [36m304 [0m0.423 ms - -[0m
[0mGET /javascripts/angular-ui-router.js [36m304 [0m0.661 ms - -[0m
[0mGET /javascripts/angular-min.js [36m304 [0m0.544 ms - -[0m
[0mGET /stylesheets/media.css [36m304 [0m0.262 ms - -[0m
[0mGET /stylesheets/style.css [36m304 [0m0.292 ms - -[0m
[0mGET /javascripts/ui-bootstrap-tpls-0.12.0.min.js [36m304 [0m0.911 ms - -[0m
[0mGET /stylesheets/login.css [36m304 [0m0.266 ms - -[0m
[0mGET /javascripts/app.js [36m304 [0m0.262 ms - -[0m
[0mGET /javascripts/ngStorage.min.js [36m304 [0m0.278 ms - -[0m
[0mGET /stylesheets/animate.css [36m304 [0m0.342 ms - -[0m
[0mGET /images/logo.png [36m304 [0m0.385 ms - -[0m
[0mGET /images/user.jpg [36m304 [0m0.261 ms - -[0m
[0mGET /javascripts/angular.min.js.map [33m404 [0m7.264 ms - 1184[0m
[0mGET /modules/authentication/views/login.html [36m304 [0m0.558 ms - -[0m
[0mGET /images/logo-l.png [36m304 [0m0.546 ms - -[0m
[0mGET /images/bg.jpg [36m304 [0m0.537 ms - -[0m
[0mGET / [36m304 [0m0.378 ms - -[0m
[0mGET /javascripts/angular-ui-router.js [36m304 [0m0.679 ms - -[0m
[0mGET /javascripts/angular-min.js [36m304 [0m0.561 ms - -[0m
[0mGET /stylesheets/media.css [36m304 [0m0.272 ms - -[0m
[0mGET /stylesheets/style.css [36m304 [0m0.305 ms - -[0m
[0mGET /javascripts/ui-bootstrap-tpls-0.12.0.min.js [36m304 [0m0.281 ms - -[0m
[0mGET /stylesheets/login.css [32m200 [0m0.433 ms - 3154[0m
[0mGET /javascripts/app.js [36m304 [0m0.266 ms - -[0m
[0mGET /javascripts/ngStorage.min.js [36m304 [0m0.261 ms - -[0m
[0mGET /stylesheets/animate.css [36m304 [0m0.342 ms - -[0m
[0mGET /images/logo.png [36m304 [0m0.378 ms - -[0m
[0mGET /images/user.jpg [36m304 [0m0.447 ms - -[0m
[0mGET /javascripts/angular.min.js.map [33m404 [0m6.511 ms - 1184[0m
[0mGET /modules/authentication/views/login.html [36m304 [0m0.399 ms - -[0m
[0mGET /images/logo-l.png [36m304 [0m0.534 ms - -[0m
[0mGET /images/bg.jpg [36m304 [0m0.343 ms - -[0m
[0mGET / [36m304 [0m0.355 ms - -[0m
[0mGET /stylesheets/style.css [36m304 [0m0.491 ms - -[0m
[0mGET /stylesheets/login.css [32m200 [0m0.413 ms - 3154[0m
[0mGET /stylesheets/media.css [36m304 [0m1.742 ms - -[0m
[0mGET /javascripts/angular-ui-router.js [36m304 [0m0.934 ms - -[0m
[0mGET /javascripts/angular-min.js [36m304 [0m1.505 ms - -[0m
[0mGET /javascripts/ui-bootstrap-tpls-0.12.0.min.js [36m304 [0m0.263 ms - -[0m
[0mGET /javascripts/app.js [36m304 [0m0.260 ms - -[0m
[0mGET /javascripts/ngStorage.min.js [36m304 [0m0.344 ms - -[0m
[0mGET /stylesheets/animate.css [36m304 [0m0.245 ms - -[0m
[0mGET /images/logo.png [36m304 [0m0.327 ms - -[0m
[0mGET /images/user.jpg [36m304 [0m0.248 ms - -[0m
[0mGET /javascripts/angular.min.js.map [33m404 [0m5.608 ms - 1184[0m
[0mGET /modules/authentication/views/login.html [36m304 [0m0.348 ms - -[0m
[0mGET /images/logo-l.png [36m304 [0m0.339 ms - -[0m
[0mGET /images/bg.jpg [36m304 [0m0.495 ms - -[0m
[0mGET /modules/authentication/views/signup.html [32m200 [0m7.799 ms - 3640[0m
[0mGET /modules/events/views/dashboard.html [36m304 [0m16.716 ms - -[0m
